<?xml version="1.0" encoding="UTF-8"?>
<!-- Generated by org.testng.reporters.JUnitXMLReporter -->
<testsuite hostname="IvanasDator" tests="4" failures="0" timestamp="28 Oct 2016 08:56:17 GMT" time="0.501" errors="0">
  <testcase name="testAdd on testAdd(CalculatorTest)" time="0.157" classname="CalculatorTest"/>
  <testcase name="testSubtract on testSubtract(CalculatorTest)" time="0.067" classname="CalculatorTest"/>
  <testcase name="testDivide on testDivide(CalculatorTest)" time="0.042" classname="CalculatorTest"/>
  <testcase name="testMultiply on testMultiply(CalculatorTest)" time="0.06" classname="CalculatorTest"/>
</testsuite>
